{
 "bad": false,
 "new_version": "7.4.1",
 "new_version_attempts": {
  "7.0.0": 1,
  "7.1.0": 1,
  "7.1.1": 1,
  "7.1.2": 1,
  "7.1.3": 4,
  "7.1.4": 3,
  "7.1.5": 8,
  "7.1.6": 3,
  "7.1.7": 15,
  "7.2.0": 14,
  "7.2.1": 14,
  "7.2.2": 1,
  "7.2.4": 0,
  "7.3.0": 3,
  "7.3.1": 3,
  "7.4.0": 3,
  "7.4.1": 3
 },
 "new_version_errors": {
  "7.1.3": "We found a problem parsing the recipe for version '7.1.3': \n\nDuplicateKeyError('while constructing a mapping',   in \"<unicode string>\", line 52, column 5:\n      - name: liblal\n        ^ (line: 52), 'found duplicate key \"about\" with value \"ordereddict([(\\'home\\', \\'https://wiki.ligo.org/Computing/LALSuite\\'), (\\'doc_url\\', \\'https://lscsoft.docs.ligo.org/lalsuite/lal/\\'), (\\'dev_url\\', \\'https://git.ligo.org/lscsoft/lalsuite.git\\'), (\\'license\\', \\'GPL-2.0-or-later\\'), (\\'license_family\\', \\'GPL\\'), (\\'license_file\\', \\'COPYING\\'), (\\'summary\\', \\'LSC Algorithm Library shared object libraries\\'), (\\'description\\', \\'The LSC Algorithm Library for gravitational wave data analysis.\\\\nThis package contains the shared-object libraries needed to run\\\\napplications that use the LAL library.\\\\n\\')])\" (original value: \"ordereddict([(\\'home\\', \\'https://wiki.ligo.org/Computing/LALSuite\\'), (\\'doc_url\\', \\'https://lscsoft.docs.ligo.org/lalsuite/lal/\\'), (\\'dev_url\\', \\'https://git.ligo.org/lscsoft/lalsuite/\\'), (\\'license\\', \\'GPL-2.0-or-later\\'), (\\'license_family\\', \\'GPL\\'), (\\'license_file\\', \\'COPYING\\'), (\\'summary\\', \\'LSC Algorithm Library shared object libraries\\'), (\\'description\\', \\'The LSC Algorithm Library for gravitational wave data analysis.\\\\nThis package contains the shared object libraries need to build\\\\napplications that use LAL.\\\\n\\')])\")',   in \"<unicode string>\", line 103, column 5:\n        about:\n        ^ (line: 103), '\\n                    To suppress this check see:\\n                        http://yaml.readthedocs.io/en/latest/api.html#duplicate-keys\\n                    ', '                    Duplicate keys will become an error in future releases, and are errors\\n                    by default when using the new API.\\n                    ')\n\ntraceback:\n  File \"/home/runner/work/autotick-bot/autotick-bot/cf-scripts/conda_forge_tick/migrators/version.py\", line 506, in migrate\n    cmeta = CondaMetaYAML(fp.read())\n  File \"/home/runner/work/autotick-bot/autotick-bot/cf-scripts/conda_forge_tick/recipe_parser/_parser.py\", line 455, in __init__\n    self.meta = self._parser.load(\"\".join(lines))\n  File \"/usr/share/miniconda/envs/run_env/lib/python3.9/site-packages/ruamel/yaml/main.py\", line 434, in load\n    return constructor.get_single_data()\n  File \"/usr/share/miniconda/envs/run_env/lib/python3.9/site-packages/ruamel/yaml/constructor.py\", line 122, in get_single_data\n    return self.construct_document(node)\n  File \"/usr/share/miniconda/envs/run_env/lib/python3.9/site-packages/ruamel/yaml/constructor.py\", line 132, in construct_document\n    for _dummy in generator:\n  File \"/usr/share/miniconda/envs/run_env/lib/python3.9/site-packages/ruamel/yaml/constructor.py\", line 1617, in construct_yaml_map\n    self.construct_mapping(node, data, deep=True)\n  File \"/usr/share/miniconda/envs/run_env/lib/python3.9/site-packages/ruamel/yaml/constructor.py\", line 1500, in construct_mapping\n    value = self.construct_object(value_node, deep=deep)\n  File \"/usr/share/miniconda/envs/run_env/lib/python3.9/site-packages/ruamel/yaml/constructor.py\", line 155, in construct_object\n    data = self.construct_non_recursive_object(node)\n  File \"/usr/share/miniconda/envs/run_env/lib/python3.9/site-packages/ruamel/yaml/constructor.py\", line 197, in construct_non_recursive_object\n    for _dummy in generator:\n  File \"/usr/share/miniconda/envs/run_env/lib/python3.9/site-packages/ruamel/yaml/constructor.py\", line 1609, in construct_yaml_seq\n    data.extend(self.construct_rt_sequence(node, data))\n  File \"/usr/share/miniconda/envs/run_env/lib/python3.9/site-packages/ruamel/yaml/constructor.py\", line 1341, in construct_rt_sequence\n    ret_val.append(self.construct_object(child, deep=deep))\n  File \"/usr/share/miniconda/envs/run_env/lib/python3.9/site-packages/ruamel/yaml/constructor.py\", line 155, in construct_object\n    data = self.construct_non_recursive_object(node)\n  File \"/usr/share/miniconda/envs/run_env/lib/python3.9/site-packages/ruamel/yaml/constructor.py\", line 197, in construct_non_recursive_object\n    for _dummy in generator:\n  File \"/usr/share/miniconda/envs/run_env/lib/python3.9/site-packages/ruamel/yaml/constructor.py\", line 1617, in construct_yaml_map\n    self.construct_mapping(node, data, deep=True)\n  File \"/usr/share/miniconda/envs/run_env/lib/python3.9/site-packages/ruamel/yaml/constructor.py\", line 1501, in construct_mapping\n    if self.check_mapping_key(node, key_node, maptyp, key, value):\n  File \"/usr/share/miniconda/envs/run_env/lib/python3.9/site-packages/ruamel/yaml/constructor.py\", line 295, in check_mapping_key\n    raise DuplicateKeyError(*args)\n",
  "7.1.4": "We found a problem parsing the recipe for version '7.1.4': \n\nAssertionError('\\n')\n\ntraceback:\n  File \"/home/runner/work/autotick-bot/autotick-bot/cf-scripts/conda_forge_tick/migrators/version.py\", line 508, in migrate\n    cmeta = CondaMetaYAML(fp.read())\n  File \"/home/runner/work/autotick-bot/autotick-bot/cf-scripts/conda_forge_tick/recipe_parser/_parser.py\", line 447, in __init__\n    v, e = _parse_jinja2_variables(meta_yaml)\n  File \"/home/runner/work/autotick-bot/autotick-bot/cf-scripts/conda_forge_tick/recipe_parser/_parser.py\", line 115, in _parse_jinja2_variables\n    assert False, jinja2_data\n",
  "7.1.5": "We found a problem parsing the recipe for version '7.1.5': \n\nAssertionError('\\n')\n\ntraceback:\n  File \"/home/runner/work/autotick-bot/autotick-bot/cf-scripts/conda_forge_tick/migrators/version.py\", line 508, in migrate\n    cmeta = CondaMetaYAML(fp.read())\n  File \"/home/runner/work/autotick-bot/autotick-bot/cf-scripts/conda_forge_tick/recipe_parser/_parser.py\", line 447, in __init__\n    v, e = _parse_jinja2_variables(meta_yaml)\n  File \"/home/runner/work/autotick-bot/autotick-bot/cf-scripts/conda_forge_tick/recipe_parser/_parser.py\", line 115, in _parse_jinja2_variables\n    assert False, jinja2_data\n",
  "7.1.6": "We found a problem parsing the recipe for version '7.1.6': \n\nAssertionError('\\n')\n\ntraceback:\n  File \"/home/runner/work/autotick-bot/autotick-bot/cf-scripts/conda_forge_tick/migrators/version.py\", line 508, in migrate\n    cmeta = CondaMetaYAML(fp.read())\n  File \"/home/runner/work/autotick-bot/autotick-bot/cf-scripts/conda_forge_tick/recipe_parser/_parser.py\", line 447, in __init__\n    v, e = _parse_jinja2_variables(meta_yaml)\n  File \"/home/runner/work/autotick-bot/autotick-bot/cf-scripts/conda_forge_tick/recipe_parser/_parser.py\", line 115, in _parse_jinja2_variables\n    assert False, jinja2_data\n",
  "7.1.7": "We found a problem parsing the recipe for version '7.1.7': \n\nAssertionError('\\n')\n\ntraceback:\n  File \"/home/runner/work/autotick-bot/autotick-bot/cf-scripts/conda_forge_tick/migrators/version.py\", line 509, in migrate\n    cmeta = CondaMetaYAML(fp.read())\n  File \"/home/runner/work/autotick-bot/autotick-bot/cf-scripts/conda_forge_tick/recipe_parser/_parser.py\", line 476, in __init__\n    v, e = _parse_jinja2_variables(meta_yaml)\n  File \"/home/runner/work/autotick-bot/autotick-bot/cf-scripts/conda_forge_tick/recipe_parser/_parser.py\", line 117, in _parse_jinja2_variables\n    assert False, jinja2_data\n",
  "7.2.0": "We found a problem parsing the recipe for version '7.2.0': \n\nAssertionError('\\n')\n\ntraceback:\n  File \"/home/runner/work/autotick-bot/autotick-bot/cf-scripts/conda_forge_tick/migrators/version.py\", line 509, in migrate\n    cmeta = CondaMetaYAML(fp.read())\n  File \"/home/runner/work/autotick-bot/autotick-bot/cf-scripts/conda_forge_tick/recipe_parser/_parser.py\", line 476, in __init__\n    v, e = _parse_jinja2_variables(meta_yaml)\n  File \"/home/runner/work/autotick-bot/autotick-bot/cf-scripts/conda_forge_tick/recipe_parser/_parser.py\", line 117, in _parse_jinja2_variables\n    assert False, jinja2_data\n",
  "7.2.1": "We found a problem parsing the recipe for version '7.2.1': \n\nAssertionError('\\n')\n\ntraceback:\n  File \"/home/runner/work/autotick-bot/autotick-bot/cf-scripts/conda_forge_tick/migrators/version.py\", line 509, in migrate\n    cmeta = CondaMetaYAML(fp.read())\n  File \"/home/runner/work/autotick-bot/autotick-bot/cf-scripts/conda_forge_tick/recipe_parser/_parser.py\", line 476, in __init__\n    v, e = _parse_jinja2_variables(meta_yaml)\n  File \"/home/runner/work/autotick-bot/autotick-bot/cf-scripts/conda_forge_tick/recipe_parser/_parser.py\", line 117, in _parse_jinja2_variables\n    assert False, jinja2_data\n",
  "7.2.2": "We found a problem parsing the recipe for version '7.2.2': \n\nAssertionError('\\n')\n\ntraceback:\n  File \"/home/runner/work/autotick-bot/autotick-bot/cf-scripts/conda_forge_tick/migrators/version.py\", line 509, in migrate\n    cmeta = CondaMetaYAML(fp.read())\n  File \"/home/runner/work/autotick-bot/autotick-bot/cf-scripts/conda_forge_tick/recipe_parser/_parser.py\", line 476, in __init__\n    v, e = _parse_jinja2_variables(meta_yaml)\n  File \"/home/runner/work/autotick-bot/autotick-bot/cf-scripts/conda_forge_tick/recipe_parser/_parser.py\", line 117, in _parse_jinja2_variables\n    assert False, jinja2_data\n",
  "7.2.4": "We found a problem parsing the recipe for version '7.2.4': \n\nAssertionError('\\n')\n\ntraceback:\n  File \"/home/runner/work/autotick-bot/autotick-bot/cf-scripts/conda_forge_tick/migrators/version.py\", line 509, in migrate\n    cmeta = CondaMetaYAML(fp.read())\n  File \"/home/runner/work/autotick-bot/autotick-bot/cf-scripts/conda_forge_tick/recipe_parser/_parser.py\", line 476, in __init__\n    v, e = _parse_jinja2_variables(meta_yaml)\n  File \"/home/runner/work/autotick-bot/autotick-bot/cf-scripts/conda_forge_tick/recipe_parser/_parser.py\", line 117, in _parse_jinja2_variables\n    assert False, jinja2_data\n",
  "7.3.0": "We found a problem parsing the recipe for version '7.3.0': \n\nParserError('while parsing a block collection',   in \"<unicode string>\", line 170, column 9:\n            - python -m pytest -ra -v test/p ... \n            ^ (line: 170), \"expected <block end>, but found '<scalar>'\",   in \"<unicode string>\", line 171, column 15:\n                  --ignore test/python/test_rate.py\n                  ^ (line: 171))\n\ntraceback:\n  File \"/home/runner/work/cf-scripts/cf-scripts/cf-scripts/conda_forge_tick/migrators/version.py\", line 521, in migrate\n    cmeta = CondaMetaYAML(fp.read())\n  File \"/home/runner/work/cf-scripts/cf-scripts/cf-scripts/conda_forge_tick/recipe_parser/_parser.py\", line 492, in __init__\n    self.meta = self._parser.load(\"\".join(lines))\n  File \"/usr/share/miniconda3/envs/cf-scripts/lib/python3.9/site-packages/ruamel/yaml/main.py\", line 434, in load\n    return constructor.get_single_data()\n  File \"/usr/share/miniconda3/envs/cf-scripts/lib/python3.9/site-packages/ruamel/yaml/constructor.py\", line 119, in get_single_data\n    node = self.composer.get_single_node()\n  File \"/usr/share/miniconda3/envs/cf-scripts/lib/python3.9/site-packages/ruamel/yaml/composer.py\", line 76, in get_single_node\n    document = self.compose_document()\n  File \"/usr/share/miniconda3/envs/cf-scripts/lib/python3.9/site-packages/ruamel/yaml/composer.py\", line 99, in compose_document\n    node = self.compose_node(None, None)\n  File \"/usr/share/miniconda3/envs/cf-scripts/lib/python3.9/site-packages/ruamel/yaml/composer.py\", line 143, in compose_node\n    node = self.compose_mapping_node(anchor)\n  File \"/usr/share/miniconda3/envs/cf-scripts/lib/python3.9/site-packages/ruamel/yaml/composer.py\", line 223, in compose_mapping_node\n    item_value = self.compose_node(node, item_key)\n  File \"/usr/share/miniconda3/envs/cf-scripts/lib/python3.9/site-packages/ruamel/yaml/composer.py\", line 141, in compose_node\n    node = self.compose_sequence_node(anchor)\n  File \"/usr/share/miniconda3/envs/cf-scripts/lib/python3.9/site-packages/ruamel/yaml/composer.py\", line 185, in compose_sequence_node\n    node.value.append(self.compose_node(node, index))\n  File \"/usr/share/miniconda3/envs/cf-scripts/lib/python3.9/site-packages/ruamel/yaml/composer.py\", line 143, in compose_node\n    node = self.compose_mapping_node(anchor)\n  File \"/usr/share/miniconda3/envs/cf-scripts/lib/python3.9/site-packages/ruamel/yaml/composer.py\", line 223, in compose_mapping_node\n    item_value = self.compose_node(node, item_key)\n  File \"/usr/share/miniconda3/envs/cf-scripts/lib/python3.9/site-packages/ruamel/yaml/composer.py\", line 143, in compose_node\n    node = self.compose_mapping_node(anchor)\n  File \"/usr/share/miniconda3/envs/cf-scripts/lib/python3.9/site-packages/ruamel/yaml/composer.py\", line 223, in compose_mapping_node\n    item_value = self.compose_node(node, item_key)\n  File \"/usr/share/miniconda3/envs/cf-scripts/lib/python3.9/site-packages/ruamel/yaml/composer.py\", line 141, in compose_node\n    node = self.compose_sequence_node(anchor)\n  File \"/usr/share/miniconda3/envs/cf-scripts/lib/python3.9/site-packages/ruamel/yaml/composer.py\", line 184, in compose_sequence_node\n    while not self.parser.check_event(SequenceEndEvent):\n  File \"/usr/share/miniconda3/envs/cf-scripts/lib/python3.9/site-packages/ruamel/yaml/parser.py\", line 146, in check_event\n    self.current_event = self.state()\n  File \"/usr/share/miniconda3/envs/cf-scripts/lib/python3.9/site-packages/ruamel/yaml/parser.py\", line 541, in parse_block_sequence_entry\n    raise ParserError(\n",
  "7.3.1": "We found a problem parsing the recipe for version '7.3.1': \n\nParserError('while parsing a block collection',   in \"<unicode string>\", line 170, column 9:\n            - python -m pytest -ra -v test/p ... \n            ^ (line: 170), \"expected <block end>, but found '<scalar>'\",   in \"<unicode string>\", line 171, column 15:\n                  --ignore test/python/test_rate.py\n                  ^ (line: 171))\n\ntraceback:\n  File \"/home/runner/work/cf-scripts/cf-scripts/cf-scripts/conda_forge_tick/migrators/version.py\", line 521, in migrate\n    cmeta = CondaMetaYAML(fp.read())\n  File \"/home/runner/work/cf-scripts/cf-scripts/cf-scripts/conda_forge_tick/recipe_parser/_parser.py\", line 492, in __init__\n    self.meta = self._parser.load(\"\".join(lines))\n  File \"/usr/share/miniconda3/envs/cf-scripts/lib/python3.9/site-packages/ruamel/yaml/main.py\", line 434, in load\n    return constructor.get_single_data()\n  File \"/usr/share/miniconda3/envs/cf-scripts/lib/python3.9/site-packages/ruamel/yaml/constructor.py\", line 119, in get_single_data\n    node = self.composer.get_single_node()\n  File \"/usr/share/miniconda3/envs/cf-scripts/lib/python3.9/site-packages/ruamel/yaml/composer.py\", line 76, in get_single_node\n    document = self.compose_document()\n  File \"/usr/share/miniconda3/envs/cf-scripts/lib/python3.9/site-packages/ruamel/yaml/composer.py\", line 99, in compose_document\n    node = self.compose_node(None, None)\n  File \"/usr/share/miniconda3/envs/cf-scripts/lib/python3.9/site-packages/ruamel/yaml/composer.py\", line 143, in compose_node\n    node = self.compose_mapping_node(anchor)\n  File \"/usr/share/miniconda3/envs/cf-scripts/lib/python3.9/site-packages/ruamel/yaml/composer.py\", line 223, in compose_mapping_node\n    item_value = self.compose_node(node, item_key)\n  File \"/usr/share/miniconda3/envs/cf-scripts/lib/python3.9/site-packages/ruamel/yaml/composer.py\", line 141, in compose_node\n    node = self.compose_sequence_node(anchor)\n  File \"/usr/share/miniconda3/envs/cf-scripts/lib/python3.9/site-packages/ruamel/yaml/composer.py\", line 185, in compose_sequence_node\n    node.value.append(self.compose_node(node, index))\n  File \"/usr/share/miniconda3/envs/cf-scripts/lib/python3.9/site-packages/ruamel/yaml/composer.py\", line 143, in compose_node\n    node = self.compose_mapping_node(anchor)\n  File \"/usr/share/miniconda3/envs/cf-scripts/lib/python3.9/site-packages/ruamel/yaml/composer.py\", line 223, in compose_mapping_node\n    item_value = self.compose_node(node, item_key)\n  File \"/usr/share/miniconda3/envs/cf-scripts/lib/python3.9/site-packages/ruamel/yaml/composer.py\", line 143, in compose_node\n    node = self.compose_mapping_node(anchor)\n  File \"/usr/share/miniconda3/envs/cf-scripts/lib/python3.9/site-packages/ruamel/yaml/composer.py\", line 223, in compose_mapping_node\n    item_value = self.compose_node(node, item_key)\n  File \"/usr/share/miniconda3/envs/cf-scripts/lib/python3.9/site-packages/ruamel/yaml/composer.py\", line 141, in compose_node\n    node = self.compose_sequence_node(anchor)\n  File \"/usr/share/miniconda3/envs/cf-scripts/lib/python3.9/site-packages/ruamel/yaml/composer.py\", line 184, in compose_sequence_node\n    while not self.parser.check_event(SequenceEndEvent):\n  File \"/usr/share/miniconda3/envs/cf-scripts/lib/python3.9/site-packages/ruamel/yaml/parser.py\", line 146, in check_event\n    self.current_event = self.state()\n  File \"/usr/share/miniconda3/envs/cf-scripts/lib/python3.9/site-packages/ruamel/yaml/parser.py\", line 541, in parse_block_sequence_entry\n    raise ParserError(\n",
  "7.4.0": "The recipe did not change in the version migration, a URL did not hash, or there is jinja2 syntax the bot cannot handle!\n\nPlease check the URLs in your recipe with version '7.4.0' to make sure they exist!\n\nWe also found the following errors:\n\n - We found a problem parsing the recipe for version '7.4.0': \n\nParserError('while parsing a block collection',   in \"<unicode string>\", line 168, column 9:\n            - python -m pytest -ra -v test/p ... \n            ^ (line: 168), \"expected <block end>, but found '<scalar>'\",   in \"<unicode string>\", line 169, column 15:\n                  --ignore test/python/test_rate.py\n                  ^ (line: 169))\n\ntraceback:\n  File \"/home/runner/work/cf-scripts/cf-scripts/cf-scripts/conda_forge_tick/update_recipe/version.py\", line 411, in update_version\n    cmeta = CondaMetaYAML(raw_meta_yaml)\n  File \"/home/runner/work/cf-scripts/cf-scripts/cf-scripts/conda_forge_tick/recipe_parser/_parser.py\", line 514, in __init__\n    self.meta = self._parser.load(\"\".join(lines))\n  File \"/home/runner/micromamba/envs/cf-scripts/lib/python3.10/site-packages/ruamel/yaml/main.py\", line 426, in load\n    return constructor.get_single_data()\n  File \"/home/runner/micromamba/envs/cf-scripts/lib/python3.10/site-packages/ruamel/yaml/constructor.py\", line 112, in get_single_data\n    node = self.composer.get_single_node()\n  File \"/home/runner/micromamba/envs/cf-scripts/lib/python3.10/site-packages/ruamel/yaml/composer.py\", line 70, in get_single_node\n    document = self.compose_document()\n  File \"/home/runner/micromamba/envs/cf-scripts/lib/python3.10/site-packages/ruamel/yaml/composer.py\", line 92, in compose_document\n    node = self.compose_node(None, None)\n  File \"/home/runner/micromamba/envs/cf-scripts/lib/python3.10/site-packages/ruamel/yaml/composer.py\", line 128, in compose_node\n    node = self.compose_mapping_node(anchor)\n  File \"/home/runner/micromamba/envs/cf-scripts/lib/python3.10/site-packages/ruamel/yaml/composer.py\", line 209, in compose_mapping_node\n    item_value = self.compose_node(node, item_key)\n  File \"/home/runner/micromamba/envs/cf-scripts/lib/python3.10/site-packages/ruamel/yaml/composer.py\", line 126, in compose_node\n    node = self.compose_sequence_node(anchor)\n  File \"/home/runner/micromamba/envs/cf-scripts/lib/python3.10/site-packages/ruamel/yaml/composer.py\", line 171, in compose_sequence_node\n    node.value.append(self.compose_node(node, index))\n  File \"/home/runner/micromamba/envs/cf-scripts/lib/python3.10/site-packages/ruamel/yaml/composer.py\", line 128, in compose_node\n    node = self.compose_mapping_node(anchor)\n  File \"/home/runner/micromamba/envs/cf-scripts/lib/python3.10/site-packages/ruamel/yaml/composer.py\", line 209, in compose_mapping_node\n    item_value = self.compose_node(node, item_key)\n  File \"/home/runner/micromamba/envs/cf-scripts/lib/python3.10/site-packages/ruamel/yaml/composer.py\", line 128, in compose_node\n    node = self.compose_mapping_node(anchor)\n  File \"/home/runner/micromamba/envs/cf-scripts/lib/python3.10/site-packages/ruamel/yaml/composer.py\", line 209, in compose_mapping_node\n    item_value = self.compose_node(node, item_key)\n  File \"/home/runner/micromamba/envs/cf-scripts/lib/python3.10/site-packages/ruamel/yaml/composer.py\", line 126, in compose_node\n    node = self.compose_sequence_node(anchor)\n  File \"/home/runner/micromamba/envs/cf-scripts/lib/python3.10/site-packages/ruamel/yaml/composer.py\", line 170, in compose_sequence_node\n    while not self.parser.check_event(SequenceEndEvent):\n  File \"/home/runner/micromamba/envs/cf-scripts/lib/python3.10/site-packages/ruamel/yaml/parser.py\", line 139, in check_event\n    self.current_event = self.state()\n  File \"/home/runner/micromamba/envs/cf-scripts/lib/python3.10/site-packages/ruamel/yaml/parser.py\", line 535, in parse_block_sequence_entry\n    raise ParserError(\n\n",
  "7.4.1": "The recipe did not change in the version migration, a URL did not hash, or there is jinja2 syntax the bot cannot handle!\n\nPlease check the URLs in your recipe with version '7.4.1' to make sure they exist!\n\nWe also found the following errors:\n\n - We found a problem parsing the recipe for version '7.4.1': \n\nParserError('while parsing a block collection',   in \"<unicode string>\", line 168, column 9:\n            - python -m pytest -ra -v test/p ... \n            ^ (line: 168), \"expected <block end>, but found '<scalar>'\",   in \"<unicode string>\", line 169, column 15:\n                  --ignore test/python/test_rate.py\n                  ^ (line: 169))\n\ntraceback:\n  File \"/home/runner/work/cf-scripts/cf-scripts/cf-scripts/conda_forge_tick/update_recipe/version.py\", line 411, in update_version\n    cmeta = CondaMetaYAML(raw_meta_yaml)\n  File \"/home/runner/work/cf-scripts/cf-scripts/cf-scripts/conda_forge_tick/recipe_parser/_parser.py\", line 514, in __init__\n    self.meta = self._parser.load(\"\".join(lines))\n  File \"/home/runner/micromamba/envs/cf-scripts/lib/python3.10/site-packages/ruamel/yaml/main.py\", line 426, in load\n    return constructor.get_single_data()\n  File \"/home/runner/micromamba/envs/cf-scripts/lib/python3.10/site-packages/ruamel/yaml/constructor.py\", line 112, in get_single_data\n    node = self.composer.get_single_node()\n  File \"/home/runner/micromamba/envs/cf-scripts/lib/python3.10/site-packages/ruamel/yaml/composer.py\", line 70, in get_single_node\n    document = self.compose_document()\n  File \"/home/runner/micromamba/envs/cf-scripts/lib/python3.10/site-packages/ruamel/yaml/composer.py\", line 92, in compose_document\n    node = self.compose_node(None, None)\n  File \"/home/runner/micromamba/envs/cf-scripts/lib/python3.10/site-packages/ruamel/yaml/composer.py\", line 128, in compose_node\n    node = self.compose_mapping_node(anchor)\n  File \"/home/runner/micromamba/envs/cf-scripts/lib/python3.10/site-packages/ruamel/yaml/composer.py\", line 209, in compose_mapping_node\n    item_value = self.compose_node(node, item_key)\n  File \"/home/runner/micromamba/envs/cf-scripts/lib/python3.10/site-packages/ruamel/yaml/composer.py\", line 126, in compose_node\n    node = self.compose_sequence_node(anchor)\n  File \"/home/runner/micromamba/envs/cf-scripts/lib/python3.10/site-packages/ruamel/yaml/composer.py\", line 171, in compose_sequence_node\n    node.value.append(self.compose_node(node, index))\n  File \"/home/runner/micromamba/envs/cf-scripts/lib/python3.10/site-packages/ruamel/yaml/composer.py\", line 128, in compose_node\n    node = self.compose_mapping_node(anchor)\n  File \"/home/runner/micromamba/envs/cf-scripts/lib/python3.10/site-packages/ruamel/yaml/composer.py\", line 209, in compose_mapping_node\n    item_value = self.compose_node(node, item_key)\n  File \"/home/runner/micromamba/envs/cf-scripts/lib/python3.10/site-packages/ruamel/yaml/composer.py\", line 128, in compose_node\n    node = self.compose_mapping_node(anchor)\n  File \"/home/runner/micromamba/envs/cf-scripts/lib/python3.10/site-packages/ruamel/yaml/composer.py\", line 209, in compose_mapping_node\n    item_value = self.compose_node(node, item_key)\n  File \"/home/runner/micromamba/envs/cf-scripts/lib/python3.10/site-packages/ruamel/yaml/composer.py\", line 126, in compose_node\n    node = self.compose_sequence_node(anchor)\n  File \"/home/runner/micromamba/envs/cf-scripts/lib/python3.10/site-packages/ruamel/yaml/composer.py\", line 170, in compose_sequence_node\n    while not self.parser.check_event(SequenceEndEvent):\n  File \"/home/runner/micromamba/envs/cf-scripts/lib/python3.10/site-packages/ruamel/yaml/parser.py\", line 139, in check_event\n    self.current_event = self.state()\n  File \"/home/runner/micromamba/envs/cf-scripts/lib/python3.10/site-packages/ruamel/yaml/parser.py\", line 535, in parse_block_sequence_entry\n    raise ParserError(\n\n"
 }
}